<?xml version="1.0" encoding="UTF-8"?>
<coverage generated="1603323726613" clover="3.2.0">
  <project timestamp="1603323726613" name="All files">
    <metrics statements="31" coveredstatements="17" conditionals="10" coveredconditionals="4" methods="12" coveredmethods="6" elements="53" coveredelements="27" complexity="0" loc="31" ncloc="31" packages="1" files="1" classes="1"/>
    <file name="index.js" path="/Users/andreasnguyen/Desktop/fritids/nav-cases/case-1/index.js">
      <metrics statements="31" coveredstatements="17" conditionals="10" coveredconditionals="4" methods="12" coveredmethods="6"/>
      <line num="1" count="1" type="stmt"/>
      <line num="2" count="1" type="stmt"/>
      <line num="3" count="1" type="stmt"/>
      <line num="4" count="1" type="stmt"/>
      <line num="8" count="8" type="stmt"/>
      <line num="12" count="21" type="cond" truecount="2" falsecount="0"/>
      <line num="16" count="3" type="stmt"/>
      <line num="17" count="3" type="stmt"/>
      <line num="21" count="3" type="stmt"/>
      <line num="22" count="3" type="stmt"/>
      <line num="26" count="6" type="stmt"/>
      <line num="30" count="0" type="cond" truecount="0" falsecount="2"/>
      <line num="31" count="0" type="stmt"/>
      <line num="37" count="0" type="stmt"/>
      <line num="43" count="1" type="stmt"/>
      <line num="45" count="0" type="stmt"/>
      <line num="50" count="0" type="cond" truecount="0" falsecount="4"/>
      <line num="51" count="0" type="stmt"/>
      <line num="52" count="0" type="stmt"/>
      <line num="54" count="0" type="stmt"/>
      <line num="55" count="0" type="stmt"/>
      <line num="60" count="0" type="stmt"/>
      <line num="61" count="0" type="stmt"/>
      <line num="67" count="3" type="cond" truecount="2" falsecount="0"/>
      <line num="68" count="1" type="stmt"/>
      <line num="70" count="2" type="stmt"/>
      <line num="74" count="0" type="stmt"/>
      <line num="79" count="1" type="stmt"/>
      <line num="80" count="0" type="stmt"/>
      <line num="81" count="0" type="stmt"/>
      <line num="84" count="1" type="stmt"/>
    </file>
  </project>
</coverage>
