{"/Users/andreasnguyen/Desktop/fritids/nav-cases/case-1/index.js": {"path":"/Users/andreasnguyen/Desktop/fritids/nav-cases/case-1/index.js","statementMap":{"0":{"start":{"line":1,"column":19},"end":{"line":1,"column":57}},"1":{"start":{"line":2,"column":19},"end":{"line":2,"column":57}},"2":{"start":{"line":3,"column":19},"end":{"line":3,"column":57}},"3":{"start":{"line":4,"column":16},"end":{"line":4,"column":50}},"4":{"start":{"line":8,"column":4},"end":{"line":8,"column":19}},"5":{"start":{"line":12,"column":4},"end":{"line":12,"column":36}},"6":{"start":{"line":16,"column":14},"end":{"line":16,"column":86}},"7":{"start":{"line":17,"column":4},"end":{"line":17,"column":14}},"8":{"start":{"line":21,"column":15},"end":{"line":21,"column":93}},"9":{"start":{"line":22,"column":4},"end":{"line":22,"column":31}},"10":{"start":{"line":26,"column":4},"end":{"line":26,"column":34}},"11":{"start":{"line":30,"column":4},"end":{"line":41,"column":5}},"12":{"start":{"line":31,"column":8},"end":{"line":35,"column":9}},"13":{"start":{"line":37,"column":8},"end":{"line":40,"column":9}},"14":{"start":{"line":43,"column":0},"end":{"line":43,"column":17}},"15":{"start":{"line":45,"column":4},"end":{"line":45,"column":45}},"16":{"start":{"line":50,"column":4},"end":{"line":56,"column":5}},"17":{"start":{"line":51,"column":8},"end":{"line":51,"column":23}},"18":{"start":{"line":52,"column":8},"end":{"line":52,"column":41}},"19":{"start":{"line":54,"column":8},"end":{"line":54,"column":24}},"20":{"start":{"line":55,"column":8},"end":{"line":55,"column":41}},"21":{"start":{"line":60,"column":4},"end":{"line":60,"column":22}},"22":{"start":{"line":61,"column":4},"end":{"line":63,"column":5}},"23":{"start":{"line":67,"column":4},"end":{"line":70,"column":50}},"24":{"start":{"line":68,"column":8},"end":{"line":68,"column":19}},"25":{"start":{"line":70,"column":8},"end":{"line":70,"column":50}},"26":{"start":{"line":74,"column":4},"end":{"line":75,"column":156}},"27":{"start":{"line":79,"column":0},"end":{"line":82,"column":2}},"28":{"start":{"line":80,"column":21},"end":{"line":80,"column":56}},"29":{"start":{"line":81,"column":4},"end":{"line":81,"column":54}},"30":{"start":{"line":84,"column":0},"end":{"line":84,"column":110}}},"fnMap":{"0":{"name":"G","decl":{"start":{"line":7,"column":9},"end":{"line":7,"column":10}},"loc":{"start":{"line":7,"column":13},"end":{"line":9,"column":1}},"line":7},"1":{"name":"toZeroFromNaN","decl":{"start":{"line":11,"column":9},"end":{"line":11,"column":22}},"loc":{"start":{"line":11,"column":29},"end":{"line":13,"column":1}},"line":11},"2":{"name":"addIncome","decl":{"start":{"line":15,"column":9},"end":{"line":15,"column":18}},"loc":{"start":{"line":15,"column":45},"end":{"line":18,"column":1}},"line":15},"3":{"name":"averageIncome","decl":{"start":{"line":20,"column":9},"end":{"line":20,"column":22}},"loc":{"start":{"line":20,"column":49},"end":{"line":23,"column":1}},"line":20},"4":{"name":"roundTwoDecimal","decl":{"start":{"line":25,"column":9},"end":{"line":25,"column":24}},"loc":{"start":{"line":25,"column":27},"end":{"line":27,"column":1}},"line":25},"5":{"name":"text","decl":{"start":{"line":29,"column":9},"end":{"line":29,"column":13}},"loc":{"start":{"line":29,"column":30},"end":{"line":42,"column":1}},"line":29},"6":{"name":"textAppear","decl":{"start":{"line":44,"column":9},"end":{"line":44,"column":19}},"loc":{"start":{"line":44,"column":36},"end":{"line":46,"column":1}},"line":44},"7":{"name":"checkEligibility","decl":{"start":{"line":48,"column":9},"end":{"line":48,"column":25}},"loc":{"start":{"line":48,"column":38},"end":{"line":57,"column":1}},"line":48},"8":{"name":"startCalculate","decl":{"start":{"line":59,"column":9},"end":{"line":59,"column":23}},"loc":{"start":{"line":59,"column":26},"end":{"line":64,"column":1}},"line":59},"9":{"name":"unemploymentBenefitBasis","decl":{"start":{"line":66,"column":9},"end":{"line":66,"column":33}},"loc":{"start":{"line":66,"column":60},"end":{"line":71,"column":1}},"line":66},"10":{"name":"dailyRate","decl":{"start":{"line":73,"column":9},"end":{"line":73,"column":18}},"loc":{"start":{"line":73,"column":20},"end":{"line":76,"column":1}},"line":73},"11":{"name":"(anonymous_11)","decl":{"start":{"line":79,"column":46},"end":{"line":79,"column":47}},"loc":{"start":{"line":79,"column":57},"end":{"line":82,"column":1}},"line":79}},"branchMap":{"0":{"loc":{"start":{"line":12,"column":11},"end":{"line":12,"column":35}},"type":"cond-expr","locations":[{"start":{"line":12,"column":26},"end":{"line":12,"column":27}},{"start":{"line":12,"column":30},"end":{"line":12,"column":35}}],"line":12},"1":{"loc":{"start":{"line":30,"column":4},"end":{"line":41,"column":5}},"type":"if","locations":[{"start":{"line":30,"column":4},"end":{"line":41,"column":5}},{"start":{"line":30,"column":4},"end":{"line":41,"column":5}}],"line":30},"2":{"loc":{"start":{"line":50,"column":4},"end":{"line":56,"column":5}},"type":"if","locations":[{"start":{"line":50,"column":4},"end":{"line":56,"column":5}},{"start":{"line":50,"column":4},"end":{"line":56,"column":5}}],"line":50},"3":{"loc":{"start":{"line":50,"column":7},"end":{"line":50,"column":54}},"type":"binary-expr","locations":[{"start":{"line":50,"column":7},"end":{"line":50,"column":25}},{"start":{"line":50,"column":29},"end":{"line":50,"column":54}}],"line":50},"4":{"loc":{"start":{"line":67,"column":4},"end":{"line":70,"column":50}},"type":"if","locations":[{"start":{"line":67,"column":4},"end":{"line":70,"column":50}},{"start":{"line":67,"column":4},"end":{"line":70,"column":50}}],"line":67}},"s":{"0":1,"1":1,"2":1,"3":1,"4":8,"5":21,"6":3,"7":3,"8":3,"9":3,"10":6,"11":0,"12":0,"13":0,"14":1,"15":0,"16":0,"17":0,"18":0,"19":0,"20":0,"21":0,"22":0,"23":3,"24":1,"25":2,"26":0,"27":1,"28":0,"29":0,"30":1},"f":{"0":8,"1":21,"2":3,"3":3,"4":6,"5":0,"6":0,"7":0,"8":0,"9":3,"10":0,"11":0},"b":{"0":[2,19],"1":[0,0],"2":[0,0],"3":[0,0],"4":[1,2]},"_coverageSchema":"1a1c01bbd47fc00a2c39e90264f33305004495a9","hash":"037d73b2136c9b71a66eb58e4fbdb6fd5b6058a3"}
}
