TN:
SF:index.js
FN:7,G
FN:11,toZeroFromNaN
FN:15,addIncome
FN:20,averageIncome
FN:25,roundTwoDecimal
FN:29,text
FN:44,textAppear
FN:48,checkEligibility
FN:59,startCalculate
FN:66,unemploymentBenefitBasis
FN:73,dailyRate
FN:79,(anonymous_11)
FNF:12
FNH:6
FNDA:8,G
FNDA:21,toZeroFromNaN
FNDA:3,addIncome
FNDA:3,averageIncome
FNDA:6,roundTwoDecimal
FNDA:0,text
FNDA:0,textAppear
FNDA:0,checkEligibility
FNDA:0,startCalculate
FNDA:3,unemploymentBenefitBasis
FNDA:0,dailyRate
FNDA:0,(anonymous_11)
DA:1,1
DA:2,1
DA:3,1
DA:4,1
DA:8,8
DA:12,21
DA:16,3
DA:17,3
DA:21,3
DA:22,3
DA:26,6
DA:30,0
DA:31,0
DA:37,0
DA:43,1
DA:45,0
DA:50,0
DA:51,0
DA:52,0
DA:54,0
DA:55,0
DA:60,0
DA:61,0
DA:67,3
DA:68,1
DA:70,2
DA:74,0
DA:79,1
DA:80,0
DA:81,0
DA:84,1
LF:31
LH:17
BRDA:12,0,0,2
BRDA:12,0,1,19
BRDA:30,1,0,0
BRDA:30,1,1,0
BRDA:50,2,0,0
BRDA:50,2,1,0
BRDA:50,3,0,0
BRDA:50,3,1,0
BRDA:67,4,0,1
BRDA:67,4,1,2
BRF:10
BRH:4
end_of_record
